This is pdfTeX, Version 3.14159265-2.6-1.40.21 (MiKTeX 20.6.29) (preloaded format=pdflatex 2020.7.22)  22 JUL 2020 12:10
entering extended mode
**C:/Users/Sharsnik/Documents/cv.tex
(C:/Users/Sharsnik/Documents/cv.tex
LaTeX2e <2020-02-02> patch level 5
L3 programming layer <2020-07-17> (moderncv.cls
Document Class: moderncv 2015/07/28 v2.0.0 modern curriculum vitae and letter d
ocument class
("E:\Program Files\MiKTeX\tex/latex/base\size11.clo"
File: size11.clo 2019/12/20 v1.4l Standard LaTeX file (size option)
) ("E:\Program Files\MiKTeX\tex/latex/etoolbox\etoolbox.sty"
Package: etoolbox 2020/07/15 v2.5i e-TeX tools for LaTeX (JAW)
\etb@tempcnta=\count168
) ("E:\Program Files\MiKTeX\tex/latex/base\ifthen.sty"
Package: ifthen 2014/09/29 v1.1c Standard LaTeX ifthen package (DPC)
) ("E:\Program Files\MiKTeX\tex/latex/xcolor\xcolor.sty"
Package: xcolor 2016/05/11 v2.12 LaTeX color extensions (UK)
("E:\Program Files\MiKTeX\tex/latex/graphics-cfg\color.cfg"
File: color.cfg 2016/01/02 v1.6 sample color configuration
)
Package xcolor Info: Driver file: pdftex.def on input line 225.
("E:\Program Files\MiKTeX\tex/latex/graphics-def\pdftex.def"
File: pdftex.def 2018/01/08 v1.0l Graphics/color driver for pdftex
)
! pdflatex: security risk: running with elevated privileges

! Sorry, but E:\PROGRA~1\MiKTeX\miktex\bin\x64\pdflatex.exe did not succeed.

! The log file hopefully contains the information to get MiKTeX going again:

!   C:\Users\Sharsnik\AppData\Local\MiKTeX\miktex\log\pdflatex.log
